[0m14:01:19.102789 [debug] [MainThread]: Sending event: {'category': 'dbt', 'action': 'invocation', 'label': 'start', 'context': [<snowplow_tracker.self_describing_json.SelfDescribingJson object at 0x124cecc10>, <snowplow_tracker.self_describing_json.SelfDescribingJson object at 0x124cec910>, <snowplow_tracker.self_describing_json.SelfDescribingJson object at 0x124e03490>]}


============================== 14:01:19.106996 | d727415b-fba6-47bf-acf8-db1d0c79299f ==============================
[0m14:01:19.106996 [info ] [MainThread]: Running with dbt=1.11.0-b3
[0m14:01:19.107505 [debug] [MainThread]: running dbt with arguments {'indirect_selection': 'eager', 'send_anonymous_usage_stats': 'True', 'log_path': 'logs', 'empty': 'None', 'introspect': 'True', 'write_json': 'True', 'invocation_command': 'dbt init build_mau', 'printer_width': '80', 'quiet': 'False', 'target_path': 'None', 'partial_parse': 'True', 'static_parser': 'True', 'log_cache_events': 'False', 'debug': 'False', 'warn_error': 'None', 'profiles_dir': '/Users/alfred/.dbt', 'no_print': 'None', 'use_colors': 'True', 'warn_error_options': 'WarnErrorOptionsV2(error=[], warn=[], silence=[])', 'use_experimental_parser': 'False', 'fail_fast': 'False', 'version_check': 'True', 'cache_selected_only': 'False', 'log_format': 'default'}
[0m14:01:19.119370 [info ] [MainThread]: Creating dbt configuration folder at /Users/alfred/.dbt
[0m14:01:19.120520 [debug] [MainThread]: Starter project path: /Users/alfred/Documents/DATA226_HW7/venv/lib/python3.11/site-packages/dbt/include/starter_project
[0m14:01:19.126431 [info ] [MainThread]: 
Your new dbt project "build_mau" was created!

For more information on how to configure the profiles.yml file,
please consult the dbt documentation here:

  https://docs.getdbt.com/docs/configure-your-profile

One more thing:

Need help? Don't hesitate to reach out to us via GitHub issues or on Slack:

  https://community.getdbt.com/

Happy modeling!

[0m14:01:19.126710 [info ] [MainThread]: Setting up your profile.
[0m14:03:31.568698 [info ] [MainThread]: Profile build_mau written to /Users/alfred/.dbt/profiles.yml using target's profile_template.yml and your supplied values. Run 'dbt debug' to validate the connection.
[0m14:03:31.600413 [debug] [MainThread]: Resource report: {"command_name": "init", "command_success": true, "command_wall_clock_time": 132.55629, "process_in_blocks": "0", "process_kernel_time": 0.262008, "process_mem_max_rss": "126189568", "process_out_blocks": "0", "process_user_time": 1.333427}
[0m14:03:31.603654 [debug] [MainThread]: Command `dbt init` succeeded at 14:03:31.603405 after 132.56 seconds
[0m14:03:31.604733 [debug] [MainThread]: Sending event: {'category': 'dbt', 'action': 'invocation', 'label': 'end', 'context': [<snowplow_tracker.self_describing_json.SelfDescribingJson object at 0x124e2b9d0>, <snowplow_tracker.self_describing_json.SelfDescribingJson object at 0x124e2bf90>, <snowplow_tracker.self_describing_json.SelfDescribingJson object at 0x124bae450>]}
[0m14:03:31.605456 [debug] [MainThread]: Flushing usage events
[0m14:03:31.975718 [debug] [MainThread]: An error was encountered while trying to flush usage events
